<?xml version="1.0" encoding="UTF-8"?>
<!-- Generated by org.testng.reporters.JUnitXMLReporter -->
<testsuite ignored="3" hostname="Bhagya_Nandana" failures="0" tests="1" name="Default test" time="5.844" errors="0" timestamp="2025-12-19T08:35:32 IST">
  <testcase classname="test_script.LoginTest" name="verifyLoginWithInalidUserNameAndInvalidPassword" time="2.7"/>
  <testcase classname="test_script.LoginTest" name="verifyLoginWithValidUserNameAndInvalidPassword" time="0.0">
    <ignored/>
  </testcase> <!-- verifyLoginWithValidUserNameAndInvalidPassword -->
  <testcase classname="test_script.LoginTest" name="verifyLoginWithValidCredentials" time="0.0">
    <ignored/>
  </testcase> <!-- verifyLoginWithValidCredentials -->
  <testcase classname="test_script.LoginTest" name="verifyLoginWithInvalidUserNameAndValidPassword" time="0.0">
    <ignored/>
  </testcase> <!-- verifyLoginWithInvalidUserNameAndValidPassword -->
</testsuite> <!-- Default test -->
