<?xml version="1.0" encoding="UTF-8"?>
<testng-results ignored="0" total="1" passed="1" failed="0" skipped="0">
  <reporter-output>
  </reporter-output>
  <suite started-at="2025-12-19T08:35:26 IST" name="Default suite" finished-at="2025-12-19T08:35:32 IST" duration-ms="5844">
    <groups>
    </groups>
    <test started-at="2025-12-19T08:35:26 IST" name="Default test" finished-at="2025-12-19T08:35:32 IST" duration-ms="5844">
      <class name="test_script.LoginTest">
        <test-method is-config="true" signature="initializeBrowser()[pri:0, instance:test_script.LoginTest@459e9125]" started-at="2025-12-19T08:35:26 IST" name="initializeBrowser" finished-at="2025-12-19T08:35:29 IST" duration-ms="3069" status="PASS">
          <reporter-output>
          </reporter-output>
        </test-method> <!-- initializeBrowser -->
        <test-method signature="verifyLoginWithInalidUserNameAndInvalidPassword()[pri:0, instance:test_script.LoginTest@459e9125]" started-at="2025-12-19T08:35:29 IST" name="verifyLoginWithInalidUserNameAndInvalidPassword" finished-at="2025-12-19T08:35:32 IST" duration-ms="2700" status="PASS">
          <reporter-output>
          </reporter-output>
        </test-method> <!-- verifyLoginWithInalidUserNameAndInvalidPassword -->
        <test-method is-config="true" signature="closeBrowser()[pri:0, instance:test_script.LoginTest@459e9125]" started-at="2025-12-19T08:35:32 IST" name="closeBrowser" finished-at="2025-12-19T08:35:32 IST" duration-ms="2" status="PASS">
          <reporter-output>
          </reporter-output>
        </test-method> <!-- closeBrowser -->
      </class> <!-- test_script.LoginTest -->
    </test> <!-- Default test -->
  </suite> <!-- Default suite -->
</testng-results>
